{"C:\\Projects\\MyosUI\\Myos\\src\\App.js": {"path":"C:\\Projects\\MyosUI\\Myos\\src\\App.js","statementMap":{"0":{"start":{"line":9,"column":22},"end":{"line":9,"column":38}},"1":{"start":{"line":10,"column":40},"end":{"line":10,"column":55}},"2":{"start":{"line":11,"column":25},"end":{"line":13,"column":3}},"3":{"start":{"line":12,"column":4},"end":{"line":12,"column":28}},"4":{"start":{"line":14,"column":0},"end":{"line":19,"column":5}},"5":{"start":{"line":15,"column":4},"end":{"line":18,"column":5}},"6":{"start":{"line":16,"column":6},"end":{"line":16,"column":63}},"7":{"start":{"line":17,"column":6},"end":{"line":17,"column":27}},"8":{"start":{"line":20,"column":0},"end":{"line":25,"column":4}}},"fnMap":{"0":{"name":"App","decl":{"start":{"line":8,"column":9},"end":{"line":8,"column":12}},"loc":{"start":{"line":8,"column":15},"end":{"line":26,"column":1}},"line":8},"1":{"name":"(anonymous_1)","decl":{"start":{"line":11,"column":25},"end":{"line":11,"column":26}},"loc":{"start":{"line":11,"column":32},"end":{"line":13,"column":3}},"line":11},"2":{"name":"(anonymous_2)","decl":{"start":{"line":14,"column":10},"end":{"line":14,"column":11}},"loc":{"start":{"line":14,"column":16},"end":{"line":19,"column":3}},"line":14}},"branchMap":{"0":{"loc":{"start":{"line":15,"column":4},"end":{"line":18,"column":5}},"type":"if","locations":[{"start":{"line":15,"column":4},"end":{"line":18,"column":5}},{"start":{},"end":{}}],"line":15},"1":{"loc":{"start":{"line":16,"column":21},"end":{"line":16,"column":61}},"type":"binary-expr","locations":[{"start":{"line":16,"column":21},"end":{"line":16,"column":53}},{"start":{"line":16,"column":57},"end":{"line":16,"column":61}}],"line":16}},"s":{"0":3,"1":2,"2":2,"3":1,"4":2,"5":2,"6":1,"7":1,"8":2},"f":{"0":3,"1":1,"2":2},"b":{"0":[1,1],"1":[1,1]},"_coverageSchema":"1a1c01bbd47fc00a2c39e90264f33305004495a9","hash":"f04804197d57ad326a296c44d08cb9e342bc6ee4"}
,"C:\\Projects\\MyosUI\\Myos\\src\\components\\Cart\\index.js": {"path":"C:\\Projects\\MyosUI\\Myos\\src\\components\\Cart\\index.js","statementMap":{"0":{"start":{"line":7,"column":13},"end":{"line":92,"column":1}},"1":{"start":{"line":8,"column":37},"end":{"line":8,"column":42}},"2":{"start":{"line":9,"column":48},"end":{"line":9,"column":60}},"3":{"start":{"line":10,"column":38},"end":{"line":10,"column":53}},"4":{"start":{"line":11,"column":24},"end":{"line":11,"column":40}},"5":{"start":{"line":12,"column":21},"end":{"line":12,"column":34}},"6":{"start":{"line":13,"column":18},"end":{"line":13,"column":103}},"7":{"start":{"line":13,"column":70},"end":{"line":13,"column":97}},"8":{"start":{"line":14,"column":23},"end":{"line":17,"column":5}},"9":{"start":{"line":15,"column":8},"end":{"line":15,"column":39}},"10":{"start":{"line":16,"column":8},"end":{"line":16,"column":29}},"11":{"start":{"line":18,"column":28},"end":{"line":29,"column":5}},"12":{"start":{"line":19,"column":8},"end":{"line":19,"column":38}},"13":{"start":{"line":19,"column":31},"end":{"line":19,"column":38}},"14":{"start":{"line":20,"column":24},"end":{"line":25,"column":9}},"15":{"start":{"line":26,"column":27},"end":{"line":26,"column":53}},"16":{"start":{"line":27,"column":8},"end":{"line":27,"column":27}},"17":{"start":{"line":28,"column":8},"end":{"line":28,"column":31}},"18":{"start":{"line":30,"column":4},"end":{"line":91,"column":5}},"19":{"start":{"line":37,"column":24},"end":{"line":49,"column":26}},"20":{"start":{"line":45,"column":103},"end":{"line":45,"column":120}},"21":{"start":{"line":64,"column":117},"end":{"line":64,"column":134}},"22":{"start":{"line":71,"column":208},"end":{"line":71,"column":240}},"23":{"start":{"line":76,"column":125},"end":{"line":76,"column":146}}},"fnMap":{"0":{"name":"(anonymous_0)","decl":{"start":{"line":7,"column":13},"end":{"line":7,"column":14}},"loc":{"start":{"line":7,"column":24},"end":{"line":92,"column":1}},"line":7},"1":{"name":"(anonymous_1)","decl":{"start":{"line":13,"column":48},"end":{"line":13,"column":49}},"loc":{"start":{"line":13,"column":68},"end":{"line":13,"column":99}},"line":13},"2":{"name":"(anonymous_2)","decl":{"start":{"line":14,"column":23},"end":{"line":14,"column":24}},"loc":{"start":{"line":14,"column":38},"end":{"line":17,"column":5}},"line":14},"3":{"name":"(anonymous_3)","decl":{"start":{"line":18,"column":28},"end":{"line":18,"column":29}},"loc":{"start":{"line":18,"column":40},"end":{"line":29,"column":5}},"line":18},"4":{"name":"(anonymous_4)","decl":{"start":{"line":36,"column":34},"end":{"line":36,"column":35}},"loc":{"start":{"line":37,"column":24},"end":{"line":49,"column":26}},"line":37},"5":{"name":"(anonymous_5)","decl":{"start":{"line":45,"column":99},"end":{"line":45,"column":100}},"loc":{"start":{"line":45,"column":103},"end":{"line":45,"column":120}},"line":45},"6":{"name":"(anonymous_6)","decl":{"start":{"line":64,"column":113},"end":{"line":64,"column":114}},"loc":{"start":{"line":64,"column":117},"end":{"line":64,"column":134}},"line":64},"7":{"name":"(anonymous_7)","decl":{"start":{"line":71,"column":203},"end":{"line":71,"column":204}},"loc":{"start":{"line":71,"column":208},"end":{"line":71,"column":240}},"line":71},"8":{"name":"(anonymous_8)","decl":{"start":{"line":76,"column":121},"end":{"line":76,"column":122}},"loc":{"start":{"line":76,"column":125},"end":{"line":76,"column":146}},"line":76}},"branchMap":{"0":{"loc":{"start":{"line":13,"column":18},"end":{"line":13,"column":103}},"type":"binary-expr","locations":[{"start":{"line":13,"column":18},"end":{"line":13,"column":27}},{"start":{"line":13,"column":31},"end":{"line":13,"column":103}}],"line":13},"1":{"loc":{"start":{"line":19,"column":8},"end":{"line":19,"column":38}},"type":"if","locations":[{"start":{"line":19,"column":8},"end":{"line":19,"column":38}},{"start":{},"end":{}}],"line":19},"2":{"loc":{"start":{"line":35,"column":17},"end":{"line":52,"column":41}},"type":"cond-expr","locations":[{"start":{"line":36,"column":20},"end":{"line":50,"column":22}},{"start":{"line":52,"column":20},"end":{"line":52,"column":41}}],"line":35},"3":{"loc":{"start":{"line":35,"column":17},"end":{"line":35,"column":50}},"type":"binary-expr","locations":[{"start":{"line":35,"column":17},"end":{"line":35,"column":26}},{"start":{"line":35,"column":30},"end":{"line":35,"column":50}}],"line":35},"4":{"loc":{"start":{"line":43,"column":84},"end":{"line":43,"column":216}},"type":"cond-expr","locations":[{"start":{"line":43,"column":114},"end":{"line":43,"column":116}},{"start":{"line":43,"column":119},"end":{"line":43,"column":216}}],"line":43},"5":{"loc":{"start":{"line":54,"column":21},"end":{"line":85,"column":22}},"type":"cond-expr","locations":[{"start":{"line":55,"column":24},"end":{"line":83,"column":27}},{"start":{"line":85,"column":20},"end":{"line":85,"column":22}}],"line":54},"6":{"loc":{"start":{"line":54,"column":21},"end":{"line":54,"column":54}},"type":"binary-expr","locations":[{"start":{"line":54,"column":21},"end":{"line":54,"column":30}},{"start":{"line":54,"column":34},"end":{"line":54,"column":54}}],"line":54},"7":{"loc":{"start":{"line":59,"column":60},"end":{"line":59,"column":165}},"type":"cond-expr","locations":[{"start":{"line":59,"column":76},"end":{"line":59,"column":78}},{"start":{"line":59,"column":81},"end":{"line":59,"column":165}}],"line":59},"8":{"loc":{"start":{"line":67,"column":29},"end":{"line":81,"column":34}},"type":"cond-expr","locations":[{"start":{"line":68,"column":32},"end":{"line":79,"column":35}},{"start":{"line":81,"column":32},"end":{"line":81,"column":34}}],"line":67}},"s":{"0":4,"1":8,"2":8,"3":8,"4":8,"5":8,"6":8,"7":1,"8":8,"9":1,"10":1,"11":8,"12":0,"13":0,"14":0,"15":0,"16":0,"17":0,"18":8,"19":1,"20":1,"21":1,"22":0,"23":0},"f":{"0":8,"1":1,"2":1,"3":0,"4":1,"5":1,"6":1,"7":0,"8":0},"b":{"0":[8,8],"1":[0,0],"2":[1,7],"3":[8,8],"4":[0,1],"5":[1,7],"6":[8,8],"7":[0,1],"8":[0,1]},"_coverageSchema":"1a1c01bbd47fc00a2c39e90264f33305004495a9","hash":"b5f168d934d92933c51fcd4d787a4a2ace0bd9cd"}
,"C:\\Projects\\MyosUI\\Myos\\src\\components\\HomePage\\index.js": {"path":"C:\\Projects\\MyosUI\\Myos\\src\\components\\HomePage\\index.js","statementMap":{"0":{"start":{"line":8,"column":16},"end":{"line":48,"column":1}},"1":{"start":{"line":9,"column":22},"end":{"line":9,"column":38}},"2":{"start":{"line":10,"column":30},"end":{"line":10,"column":41}},"3":{"start":{"line":11,"column":32},"end":{"line":11,"column":34}},"4":{"start":{"line":12,"column":2},"end":{"line":28,"column":3}},"5":{"start":{"line":14,"column":8},"end":{"line":14,"column":28}},"6":{"start":{"line":15,"column":8},"end":{"line":15,"column":23}},"7":{"start":{"line":16,"column":8},"end":{"line":16,"column":13}},"8":{"start":{"line":19,"column":6},"end":{"line":19,"column":20}},"9":{"start":{"line":20,"column":6},"end":{"line":20,"column":27}},"10":{"start":{"line":21,"column":6},"end":{"line":21,"column":12}},"11":{"start":{"line":24,"column":6},"end":{"line":24,"column":26}},"12":{"start":{"line":25,"column":6},"end":{"line":25,"column":21}},"13":{"start":{"line":26,"column":6},"end":{"line":26,"column":12}},"14":{"start":{"line":29,"column":2},"end":{"line":47,"column":4}},"15":{"start":{"line":34,"column":72},"end":{"line":34,"column":83}},"16":{"start":{"line":35,"column":75},"end":{"line":35,"column":86}}},"fnMap":{"0":{"name":"(anonymous_0)","decl":{"start":{"line":8,"column":16},"end":{"line":8,"column":17}},"loc":{"start":{"line":8,"column":27},"end":{"line":48,"column":1}},"line":8},"1":{"name":"(anonymous_1)","decl":{"start":{"line":34,"column":68},"end":{"line":34,"column":69}},"loc":{"start":{"line":34,"column":72},"end":{"line":34,"column":83}},"line":34},"2":{"name":"(anonymous_2)","decl":{"start":{"line":35,"column":71},"end":{"line":35,"column":72}},"loc":{"start":{"line":35,"column":75},"end":{"line":35,"column":86}},"line":35}},"branchMap":{"0":{"loc":{"start":{"line":12,"column":2},"end":{"line":28,"column":3}},"type":"switch","locations":[{"start":{"line":13,"column":4},"end":{"line":17,"column":5}},{"start":{"line":18,"column":4},"end":{"line":22,"column":3}},{"start":{"line":23,"column":4},"end":{"line":27,"column":5}}],"line":12}},"s":{"0":2,"1":6,"2":4,"3":4,"4":4,"5":3,"6":3,"7":3,"8":1,"9":1,"10":1,"11":0,"12":0,"13":0,"14":4,"15":1,"16":1},"f":{"0":6,"1":1,"2":1},"b":{"0":[3,1,0]},"_coverageSchema":"1a1c01bbd47fc00a2c39e90264f33305004495a9","hash":"f5ece34929cfb5d2a29580bdf1d2c124f546a555"}
,"C:\\Projects\\MyosUI\\Myos\\src\\components\\Order\\index.js": {"path":"C:\\Projects\\MyosUI\\Myos\\src\\components\\Order\\index.js","statementMap":{"0":{"start":{"line":8,"column":14},"end":{"line":88,"column":1}},"1":{"start":{"line":9,"column":32},"end":{"line":9,"column":44}},"2":{"start":{"line":10,"column":69},"end":{"line":10,"column":78}},"3":{"start":{"line":11,"column":24},"end":{"line":11,"column":40}},"4":{"start":{"line":12,"column":4},"end":{"line":20,"column":10}},"5":{"start":{"line":14,"column":33},"end":{"line":14,"column":51}},"6":{"start":{"line":15,"column":12},"end":{"line":17,"column":13}},"7":{"start":{"line":16,"column":16},"end":{"line":16,"column":39}},"8":{"start":{"line":19,"column":8},"end":{"line":19,"column":20}},"9":{"start":{"line":22,"column":21},"end":{"line":27,"column":5}},"10":{"start":{"line":23,"column":24},"end":{"line":23,"column":28}},"11":{"start":{"line":24,"column":29},"end":{"line":24,"column":50}},"12":{"start":{"line":25,"column":8},"end":{"line":25,"column":31}},"13":{"start":{"line":26,"column":8},"end":{"line":26,"column":30}},"14":{"start":{"line":28,"column":24},"end":{"line":28,"column":26}},"15":{"start":{"line":29,"column":4},"end":{"line":31,"column":5}},"16":{"start":{"line":30,"column":8},"end":{"line":30,"column":44}},"17":{"start":{"line":30,"column":38},"end":{"line":30,"column":42}},"18":{"start":{"line":32,"column":24},"end":{"line":32,"column":51}},"19":{"start":{"line":33,"column":4},"end":{"line":87,"column":5}},"20":{"start":{"line":75,"column":36},"end":{"line":75,"column":101}}},"fnMap":{"0":{"name":"(anonymous_0)","decl":{"start":{"line":8,"column":14},"end":{"line":8,"column":15}},"loc":{"start":{"line":8,"column":25},"end":{"line":88,"column":1}},"line":8},"1":{"name":"(anonymous_1)","decl":{"start":{"line":12,"column":14},"end":{"line":12,"column":15}},"loc":{"start":{"line":12,"column":20},"end":{"line":20,"column":5}},"line":12},"2":{"name":"fetchData","decl":{"start":{"line":13,"column":23},"end":{"line":13,"column":32}},"loc":{"start":{"line":13,"column":35},"end":{"line":18,"column":9}},"line":13},"3":{"name":"(anonymous_3)","decl":{"start":{"line":22,"column":21},"end":{"line":22,"column":22}},"loc":{"start":{"line":22,"column":39},"end":{"line":27,"column":5}},"line":22},"4":{"name":"(anonymous_4)","decl":{"start":{"line":30,"column":35},"end":{"line":30,"column":36}},"loc":{"start":{"line":30,"column":38},"end":{"line":30,"column":42}},"line":30},"5":{"name":"(anonymous_5)","decl":{"start":{"line":74,"column":48},"end":{"line":74,"column":49}},"loc":{"start":{"line":75,"column":36},"end":{"line":75,"column":101}},"line":75}},"branchMap":{"0":{"loc":{"start":{"line":15,"column":12},"end":{"line":17,"column":13}},"type":"if","locations":[{"start":{"line":15,"column":12},"end":{"line":17,"column":13}},{"start":{},"end":{}}],"line":15},"1":{"loc":{"start":{"line":15,"column":15},"end":{"line":15,"column":42}},"type":"binary-expr","locations":[{"start":{"line":15,"column":15},"end":{"line":15,"column":20}},{"start":{"line":15,"column":24},"end":{"line":15,"column":42}}],"line":15},"2":{"loc":{"start":{"line":29,"column":4},"end":{"line":31,"column":5}},"type":"if","locations":[{"start":{"line":29,"column":4},"end":{"line":31,"column":5}},{"start":{},"end":{}}],"line":29},"3":{"loc":{"start":{"line":29,"column":7},"end":{"line":29,"column":32}},"type":"binary-expr","locations":[{"start":{"line":29,"column":7},"end":{"line":29,"column":12}},{"start":{"line":29,"column":16},"end":{"line":29,"column":32}}],"line":29},"4":{"loc":{"start":{"line":53,"column":53},"end":{"line":55,"column":53}},"type":"binary-expr","locations":[{"start":{"line":53,"column":53},"end":{"line":53,"column":65}},{"start":{"line":54,"column":52},"end":{"line":54,"column":82}}],"line":53},"5":{"loc":{"start":{"line":73,"column":32},"end":{"line":78,"column":34}},"type":"cond-expr","locations":[{"start":{"line":74,"column":32},"end":{"line":76,"column":33}},{"start":{"line":78,"column":32},"end":{"line":78,"column":34}}],"line":73},"6":{"loc":{"start":{"line":73,"column":32},"end":{"line":73,"column":69}},"type":"binary-expr","locations":[{"start":{"line":73,"column":32},"end":{"line":73,"column":43}},{"start":{"line":73,"column":47},"end":{"line":73,"column":69}}],"line":73}},"s":{"0":3,"1":5,"2":4,"3":4,"4":4,"5":3,"6":0,"7":0,"8":3,"9":4,"10":0,"11":0,"12":0,"13":0,"14":4,"15":4,"16":0,"17":0,"18":4,"19":4,"20":0},"f":{"0":5,"1":3,"2":3,"3":0,"4":0,"5":0},"b":{"0":[0,0],"1":[0,0],"2":[0,4],"3":[4,4],"4":[4,1],"5":[0,4],"6":[4,4]},"_coverageSchema":"1a1c01bbd47fc00a2c39e90264f33305004495a9","hash":"a223f13383acff1c91187ee20fbe2b28c6035dfa"}
,"C:\\Projects\\MyosUI\\Myos\\src\\components\\Order\\item.js": {"path":"C:\\Projects\\MyosUI\\Myos\\src\\components\\Order\\item.js","statementMap":{"0":{"start":{"line":5,"column":14},"end":{"line":28,"column":1}},"1":{"start":{"line":6,"column":20},"end":{"line":6,"column":25}},"2":{"start":{"line":7,"column":24},"end":{"line":7,"column":40}},"3":{"start":{"line":8,"column":4},"end":{"line":27,"column":5}}},"fnMap":{"0":{"name":"(anonymous_0)","decl":{"start":{"line":5,"column":14},"end":{"line":5,"column":15}},"loc":{"start":{"line":5,"column":25},"end":{"line":28,"column":1}},"line":5}},"branchMap":{"0":{"loc":{"start":{"line":11,"column":47},"end":{"line":11,"column":69}},"type":"cond-expr","locations":[{"start":{"line":11,"column":54},"end":{"line":11,"column":64}},{"start":{"line":11,"column":67},"end":{"line":11,"column":69}}],"line":11},"1":{"loc":{"start":{"line":15,"column":44},"end":{"line":15,"column":66}},"type":"cond-expr","locations":[{"start":{"line":15,"column":51},"end":{"line":15,"column":61}},{"start":{"line":15,"column":64},"end":{"line":15,"column":66}}],"line":15},"2":{"loc":{"start":{"line":18,"column":49},"end":{"line":18,"column":77}},"type":"cond-expr","locations":[{"start":{"line":18,"column":56},"end":{"line":18,"column":72}},{"start":{"line":18,"column":75},"end":{"line":18,"column":77}}],"line":18},"3":{"loc":{"start":{"line":21,"column":49},"end":{"line":21,"column":74}},"type":"cond-expr","locations":[{"start":{"line":21,"column":56},"end":{"line":21,"column":69}},{"start":{"line":21,"column":72},"end":{"line":21,"column":74}}],"line":21},"4":{"loc":{"start":{"line":24,"column":38},"end":{"line":24,"column":169}},"type":"cond-expr","locations":[{"start":{"line":24,"column":67},"end":{"line":24,"column":69}},{"start":{"line":24,"column":72},"end":{"line":24,"column":169}}],"line":24},"5":{"loc":{"start":{"line":24,"column":39},"end":{"line":24,"column":63}},"type":"binary-expr","locations":[{"start":{"line":24,"column":39},"end":{"line":24,"column":43}},{"start":{"line":24,"column":47},"end":{"line":24,"column":63}}],"line":24},"6":{"loc":{"start":{"line":24,"column":150},"end":{"line":24,"column":168}},"type":"binary-expr","locations":[{"start":{"line":24,"column":150},"end":{"line":24,"column":154}},{"start":{"line":24,"column":158},"end":{"line":24,"column":168}}],"line":24}},"s":{"0":5,"1":1,"2":1,"3":1},"f":{"0":1},"b":{"0":[0,1],"1":[0,1],"2":[0,1],"3":[0,1],"4":[0,1],"5":[1,0],"6":[1,0]},"_coverageSchema":"1a1c01bbd47fc00a2c39e90264f33305004495a9","hash":"eb647a6051dba3d75867aca0edc1e5581aeb120a"}
,"C:\\Projects\\MyosUI\\Myos\\src\\components\\Order\\itemsHead.js": {"path":"C:\\Projects\\MyosUI\\Myos\\src\\components\\Order\\itemsHead.js","statementMap":{"0":{"start":{"line":5,"column":18},"end":{"line":39,"column":1}},"1":{"start":{"line":6,"column":31},"end":{"line":6,"column":36}},"2":{"start":{"line":7,"column":24},"end":{"line":7,"column":40}},"3":{"start":{"line":8,"column":23},"end":{"line":8,"column":66}},"4":{"start":{"line":8,"column":50},"end":{"line":8,"column":62}},"5":{"start":{"line":9,"column":21},"end":{"line":9,"column":62}},"6":{"start":{"line":9,"column":46},"end":{"line":9,"column":58}},"7":{"start":{"line":10,"column":23},"end":{"line":10,"column":58}},"8":{"start":{"line":11,"column":4},"end":{"line":38,"column":6}},"9":{"start":{"line":32,"column":20},"end":{"line":32,"column":67}}},"fnMap":{"0":{"name":"(anonymous_0)","decl":{"start":{"line":5,"column":18},"end":{"line":5,"column":19}},"loc":{"start":{"line":5,"column":29},"end":{"line":39,"column":1}},"line":5},"1":{"name":"(anonymous_1)","decl":{"start":{"line":8,"column":44},"end":{"line":8,"column":45}},"loc":{"start":{"line":8,"column":50},"end":{"line":8,"column":62}},"line":8},"2":{"name":"(anonymous_2)","decl":{"start":{"line":9,"column":40},"end":{"line":9,"column":41}},"loc":{"start":{"line":9,"column":46},"end":{"line":9,"column":58}},"line":9},"3":{"name":"(anonymous_3)","decl":{"start":{"line":31,"column":31},"end":{"line":31,"column":32}},"loc":{"start":{"line":32,"column":20},"end":{"line":32,"column":67}},"line":32}},"branchMap":{"0":{"loc":{"start":{"line":8,"column":23},"end":{"line":8,"column":66}},"type":"cond-expr","locations":[{"start":{"line":8,"column":31},"end":{"line":8,"column":63}},{"start":{"line":8,"column":64},"end":{"line":8,"column":66}}],"line":8},"1":{"loc":{"start":{"line":9,"column":21},"end":{"line":9,"column":62}},"type":"cond-expr","locations":[{"start":{"line":9,"column":29},"end":{"line":9,"column":59}},{"start":{"line":9,"column":60},"end":{"line":9,"column":62}}],"line":9},"2":{"loc":{"start":{"line":10,"column":23},"end":{"line":10,"column":58}},"type":"binary-expr","locations":[{"start":{"line":10,"column":23},"end":{"line":10,"column":31}},{"start":{"line":10,"column":35},"end":{"line":10,"column":58}}],"line":10},"3":{"loc":{"start":{"line":19,"column":65},"end":{"line":19,"column":91}},"type":"binary-expr","locations":[{"start":{"line":19,"column":65},"end":{"line":19,"column":73}},{"start":{"line":19,"column":77},"end":{"line":19,"column":91}}],"line":19},"4":{"loc":{"start":{"line":22,"column":66},"end":{"line":22,"column":223}},"type":"cond-expr","locations":[{"start":{"line":22,"column":108},"end":{"line":22,"column":110}},{"start":{"line":22,"column":113},"end":{"line":22,"column":223}}],"line":22},"5":{"loc":{"start":{"line":22,"column":67},"end":{"line":22,"column":104}},"type":"binary-expr","locations":[{"start":{"line":22,"column":67},"end":{"line":22,"column":75}},{"start":{"line":22,"column":79},"end":{"line":22,"column":104}}],"line":22},"6":{"loc":{"start":{"line":22,"column":191},"end":{"line":22,"column":222}},"type":"binary-expr","locations":[{"start":{"line":22,"column":191},"end":{"line":22,"column":199}},{"start":{"line":22,"column":203},"end":{"line":22,"column":222}}],"line":22},"7":{"loc":{"start":{"line":25,"column":64},"end":{"line":25,"column":134}},"type":"binary-expr","locations":[{"start":{"line":25,"column":64},"end":{"line":25,"column":74}},{"start":{"line":25,"column":78},"end":{"line":25,"column":134}}],"line":25},"8":{"loc":{"start":{"line":30,"column":16},"end":{"line":35,"column":18}},"type":"cond-expr","locations":[{"start":{"line":31,"column":16},"end":{"line":33,"column":17}},{"start":{"line":35,"column":16},"end":{"line":35,"column":18}}],"line":30},"9":{"loc":{"start":{"line":30,"column":16},"end":{"line":30,"column":51}},"type":"binary-expr","locations":[{"start":{"line":30,"column":16},"end":{"line":30,"column":26}},{"start":{"line":30,"column":30},"end":{"line":30,"column":51}}],"line":30}},"s":{"0":4,"1":1,"2":1,"3":1,"4":1,"5":1,"6":1,"7":1,"8":1,"9":0},"f":{"0":1,"1":1,"2":1,"3":0},"b":{"0":[1,0],"1":[1,0],"2":[1,0],"3":[1,0],"4":[0,1],"5":[1,0],"6":[1,0],"7":[1,0],"8":[0,1],"9":[1,1]},"_coverageSchema":"1a1c01bbd47fc00a2c39e90264f33305004495a9","hash":"9fb0af54566c3c51663a5d3e9a634b28b8b70912"}
,"C:\\Projects\\MyosUI\\Myos\\src\\components\\Shop\\index.js": {"path":"C:\\Projects\\MyosUI\\Myos\\src\\components\\Shop\\index.js","statementMap":{"0":{"start":{"line":10,"column":13},"end":{"line":93,"column":1}},"1":{"start":{"line":11,"column":24},"end":{"line":11,"column":74}},"2":{"start":{"line":12,"column":30},"end":{"line":12,"column":51}},"3":{"start":{"line":13,"column":32},"end":{"line":13,"column":44}},"4":{"start":{"line":14,"column":69},"end":{"line":14,"column":78}},"5":{"start":{"line":15,"column":24},"end":{"line":15,"column":40}},"6":{"start":{"line":16,"column":22},"end":{"line":19,"column":5}},"7":{"start":{"line":17,"column":8},"end":{"line":17,"column":31}},"8":{"start":{"line":18,"column":8},"end":{"line":18,"column":65}},"9":{"start":{"line":20,"column":21},"end":{"line":25,"column":5}},"10":{"start":{"line":21,"column":27},"end":{"line":21,"column":31}},"11":{"start":{"line":22,"column":29},"end":{"line":22,"column":53}},"12":{"start":{"line":23,"column":8},"end":{"line":23,"column":31}},"13":{"start":{"line":24,"column":8},"end":{"line":24,"column":30}},"14":{"start":{"line":27,"column":4},"end":{"line":35,"column":7}},"15":{"start":{"line":29,"column":33},"end":{"line":29,"column":51}},"16":{"start":{"line":30,"column":12},"end":{"line":32,"column":13}},"17":{"start":{"line":31,"column":16},"end":{"line":31,"column":39}},"18":{"start":{"line":34,"column":8},"end":{"line":34,"column":20}},"19":{"start":{"line":37,"column":4},"end":{"line":92,"column":5}},"20":{"start":{"line":76,"column":36},"end":{"line":76,"column":121}}},"fnMap":{"0":{"name":"(anonymous_0)","decl":{"start":{"line":10,"column":13},"end":{"line":10,"column":14}},"loc":{"start":{"line":10,"column":24},"end":{"line":93,"column":1}},"line":10},"1":{"name":"(anonymous_1)","decl":{"start":{"line":16,"column":22},"end":{"line":16,"column":23}},"loc":{"start":{"line":16,"column":34},"end":{"line":19,"column":5}},"line":16},"2":{"name":"(anonymous_2)","decl":{"start":{"line":20,"column":21},"end":{"line":20,"column":22}},"loc":{"start":{"line":20,"column":40},"end":{"line":25,"column":5}},"line":20},"3":{"name":"(anonymous_3)","decl":{"start":{"line":27,"column":14},"end":{"line":27,"column":15}},"loc":{"start":{"line":27,"column":20},"end":{"line":35,"column":5}},"line":27},"4":{"name":"fetchData","decl":{"start":{"line":28,"column":23},"end":{"line":28,"column":32}},"loc":{"start":{"line":28,"column":35},"end":{"line":33,"column":9}},"line":28},"5":{"name":"(anonymous_5)","decl":{"start":{"line":75,"column":42},"end":{"line":75,"column":43}},"loc":{"start":{"line":76,"column":36},"end":{"line":76,"column":121}},"line":76}},"branchMap":{"0":{"loc":{"start":{"line":11,"column":24},"end":{"line":11,"column":74}},"type":"binary-expr","locations":[{"start":{"line":11,"column":24},"end":{"line":11,"column":68}},{"start":{"line":11,"column":72},"end":{"line":11,"column":74}}],"line":11},"1":{"loc":{"start":{"line":30,"column":12},"end":{"line":32,"column":13}},"type":"if","locations":[{"start":{"line":30,"column":12},"end":{"line":32,"column":13}},{"start":{},"end":{}}],"line":30},"2":{"loc":{"start":{"line":30,"column":15},"end":{"line":30,"column":42}},"type":"binary-expr","locations":[{"start":{"line":30,"column":15},"end":{"line":30,"column":20}},{"start":{"line":30,"column":24},"end":{"line":30,"column":42}}],"line":30},"3":{"loc":{"start":{"line":57,"column":57},"end":{"line":59,"column":57}},"type":"binary-expr","locations":[{"start":{"line":57,"column":57},"end":{"line":57,"column":72}},{"start":{"line":58,"column":56},"end":{"line":58,"column":89}}],"line":57},"4":{"loc":{"start":{"line":74,"column":32},"end":{"line":79,"column":34}},"type":"cond-expr","locations":[{"start":{"line":75,"column":32},"end":{"line":77,"column":33}},{"start":{"line":79,"column":32},"end":{"line":79,"column":34}}],"line":74},"5":{"loc":{"start":{"line":74,"column":32},"end":{"line":74,"column":57}},"type":"binary-expr","locations":[{"start":{"line":74,"column":32},"end":{"line":74,"column":37}},{"start":{"line":74,"column":41},"end":{"line":74,"column":57}}],"line":74}},"s":{"0":3,"1":7,"2":7,"3":6,"4":6,"5":6,"6":6,"7":0,"8":0,"9":6,"10":0,"11":0,"12":0,"13":0,"14":6,"15":6,"16":0,"17":0,"18":6,"19":6,"20":0},"f":{"0":7,"1":0,"2":0,"3":6,"4":6,"5":0},"b":{"0":[7,7],"1":[0,0],"2":[0,0],"3":[6,1],"4":[0,6],"5":[6,6]},"_coverageSchema":"1a1c01bbd47fc00a2c39e90264f33305004495a9","hash":"d8338825ac3c80735e5ce569ac518491a4537a3c"}
,"C:\\Projects\\MyosUI\\Myos\\src\\components\\Shop\\items.js": {"path":"C:\\Projects\\MyosUI\\Myos\\src\\components\\Shop\\items.js","statementMap":{"0":{"start":{"line":4,"column":14},"end":{"line":69,"column":1}},"1":{"start":{"line":5,"column":26},"end":{"line":5,"column":37}},"2":{"start":{"line":6,"column":47},"end":{"line":6,"column":52}},"3":{"start":{"line":7,"column":19},"end":{"line":9,"column":5}},"4":{"start":{"line":8,"column":8},"end":{"line":8,"column":32}},"5":{"start":{"line":10,"column":19},"end":{"line":14,"column":5}},"6":{"start":{"line":11,"column":8},"end":{"line":13,"column":9}},"7":{"start":{"line":12,"column":10},"end":{"line":12,"column":36}},"8":{"start":{"line":15,"column":25},"end":{"line":17,"column":5}},"9":{"start":{"line":16,"column":7},"end":{"line":16,"column":19}},"10":{"start":{"line":18,"column":25},"end":{"line":30,"column":5}},"11":{"start":{"line":19,"column":45},"end":{"line":19,"column":49}},"12":{"start":{"line":20,"column":28},"end":{"line":20,"column":47}},"13":{"start":{"line":21,"column":25},"end":{"line":27,"column":9}},"14":{"start":{"line":28,"column":8},"end":{"line":28,"column":33}},"15":{"start":{"line":29,"column":8},"end":{"line":29,"column":29}},"16":{"start":{"line":31,"column":4},"end":{"line":68,"column":5}},"17":{"start":{"line":45,"column":84},"end":{"line":45,"column":92}},"18":{"start":{"line":50,"column":142},"end":{"line":50,"column":170}},"19":{"start":{"line":53,"column":80},"end":{"line":53,"column":88}},"20":{"start":{"line":63,"column":79},"end":{"line":63,"column":97}}},"fnMap":{"0":{"name":"(anonymous_0)","decl":{"start":{"line":4,"column":14},"end":{"line":4,"column":15}},"loc":{"start":{"line":4,"column":25},"end":{"line":69,"column":1}},"line":4},"1":{"name":"(anonymous_1)","decl":{"start":{"line":7,"column":19},"end":{"line":7,"column":20}},"loc":{"start":{"line":7,"column":24},"end":{"line":9,"column":5}},"line":7},"2":{"name":"(anonymous_2)","decl":{"start":{"line":10,"column":19},"end":{"line":10,"column":20}},"loc":{"start":{"line":10,"column":25},"end":{"line":14,"column":5}},"line":10},"3":{"name":"(anonymous_3)","decl":{"start":{"line":15,"column":25},"end":{"line":15,"column":26}},"loc":{"start":{"line":15,"column":34},"end":{"line":17,"column":5}},"line":15},"4":{"name":"(anonymous_4)","decl":{"start":{"line":18,"column":25},"end":{"line":18,"column":26}},"loc":{"start":{"line":18,"column":35},"end":{"line":30,"column":5}},"line":18},"5":{"name":"(anonymous_5)","decl":{"start":{"line":45,"column":80},"end":{"line":45,"column":81}},"loc":{"start":{"line":45,"column":84},"end":{"line":45,"column":92}},"line":45},"6":{"name":"(anonymous_6)","decl":{"start":{"line":50,"column":137},"end":{"line":50,"column":138}},"loc":{"start":{"line":50,"column":142},"end":{"line":50,"column":170}},"line":50},"7":{"name":"(anonymous_7)","decl":{"start":{"line":53,"column":76},"end":{"line":53,"column":77}},"loc":{"start":{"line":53,"column":80},"end":{"line":53,"column":88}},"line":53},"8":{"name":"(anonymous_8)","decl":{"start":{"line":63,"column":75},"end":{"line":63,"column":76}},"loc":{"start":{"line":63,"column":79},"end":{"line":63,"column":97}},"line":63}},"branchMap":{"0":{"loc":{"start":{"line":11,"column":8},"end":{"line":13,"column":9}},"type":"if","locations":[{"start":{"line":11,"column":8},"end":{"line":13,"column":9}},{"start":{},"end":{}}],"line":11},"1":{"loc":{"start":{"line":35,"column":47},"end":{"line":35,"column":65}},"type":"binary-expr","locations":[{"start":{"line":35,"column":47},"end":{"line":35,"column":51}},{"start":{"line":35,"column":55},"end":{"line":35,"column":65}}],"line":35},"2":{"loc":{"start":{"line":39,"column":44},"end":{"line":39,"column":62}},"type":"binary-expr","locations":[{"start":{"line":39,"column":44},"end":{"line":39,"column":48}},{"start":{"line":39,"column":52},"end":{"line":39,"column":62}}],"line":39},"3":{"loc":{"start":{"line":40,"column":49},"end":{"line":40,"column":73}},"type":"binary-expr","locations":[{"start":{"line":40,"column":49},"end":{"line":40,"column":53}},{"start":{"line":40,"column":57},"end":{"line":40,"column":73}}],"line":40},"4":{"loc":{"start":{"line":60,"column":38},"end":{"line":60,"column":169}},"type":"cond-expr","locations":[{"start":{"line":60,"column":67},"end":{"line":60,"column":69}},{"start":{"line":60,"column":72},"end":{"line":60,"column":169}}],"line":60},"5":{"loc":{"start":{"line":60,"column":39},"end":{"line":60,"column":63}},"type":"binary-expr","locations":[{"start":{"line":60,"column":39},"end":{"line":60,"column":43}},{"start":{"line":60,"column":47},"end":{"line":60,"column":63}}],"line":60},"6":{"loc":{"start":{"line":60,"column":150},"end":{"line":60,"column":168}},"type":"binary-expr","locations":[{"start":{"line":60,"column":150},"end":{"line":60,"column":154}},{"start":{"line":60,"column":158},"end":{"line":60,"column":168}}],"line":60}},"s":{"0":4,"1":3,"2":3,"3":3,"4":1,"5":3,"6":1,"7":1,"8":3,"9":0,"10":3,"11":1,"12":1,"13":1,"14":1,"15":1,"16":3,"17":1,"18":0,"19":1,"20":1},"f":{"0":3,"1":1,"2":1,"3":0,"4":1,"5":1,"6":0,"7":1,"8":1},"b":{"0":[1,0],"1":[3,3],"2":[3,3],"3":[3,3],"4":[0,3],"5":[3,3],"6":[3,3]},"_coverageSchema":"1a1c01bbd47fc00a2c39e90264f33305004495a9","hash":"2f4fa6b4cfdb391b83768f933255073a80414c93"}
,"C:\\Projects\\MyosUI\\Myos\\src\\components\\TopBar\\index.js": {"path":"C:\\Projects\\MyosUI\\Myos\\src\\components\\TopBar\\index.js","statementMap":{"0":{"start":{"line":9,"column":15},"end":{"line":33,"column":1}},"1":{"start":{"line":10,"column":22},"end":{"line":10,"column":38}},"2":{"start":{"line":11,"column":25},"end":{"line":14,"column":3}},"3":{"start":{"line":12,"column":4},"end":{"line":12,"column":42}},"4":{"start":{"line":13,"column":4},"end":{"line":13,"column":29}},"5":{"start":{"line":15,"column":0},"end":{"line":32,"column":4}},"6":{"start":{"line":22,"column":74},"end":{"line":22,"column":94}},"7":{"start":{"line":25,"column":72},"end":{"line":25,"column":92}}},"fnMap":{"0":{"name":"(anonymous_0)","decl":{"start":{"line":9,"column":15},"end":{"line":9,"column":16}},"loc":{"start":{"line":9,"column":22},"end":{"line":33,"column":1}},"line":9},"1":{"name":"(anonymous_1)","decl":{"start":{"line":11,"column":25},"end":{"line":11,"column":26}},"loc":{"start":{"line":11,"column":32},"end":{"line":14,"column":3}},"line":11},"2":{"name":"(anonymous_2)","decl":{"start":{"line":22,"column":68},"end":{"line":22,"column":69}},"loc":{"start":{"line":22,"column":74},"end":{"line":22,"column":94}},"line":22},"3":{"name":"(anonymous_3)","decl":{"start":{"line":25,"column":66},"end":{"line":25,"column":67}},"loc":{"start":{"line":25,"column":72},"end":{"line":25,"column":92}},"line":25}},"branchMap":{},"s":{"0":2,"1":5,"2":5,"3":2,"4":2,"5":5,"6":1,"7":1},"f":{"0":5,"1":2,"2":1,"3":1},"b":{},"_coverageSchema":"1a1c01bbd47fc00a2c39e90264f33305004495a9","hash":"54ec8f61b11adfebefd9429a90724e9877181006"}
,"C:\\Projects\\MyosUI\\Myos\\src\\services\\itemService.js": {"path":"C:\\Projects\\MyosUI\\Myos\\src\\services\\itemService.js","statementMap":{"0":{"start":{"line":3,"column":2},"end":{"line":10,"column":3}},"1":{"start":{"line":4,"column":25},"end":{"line":4,"column":67}},"2":{"start":{"line":5,"column":23},"end":{"line":5,"column":46}},"3":{"start":{"line":6,"column":26},"end":{"line":6,"column":47}},"4":{"start":{"line":7,"column":6},"end":{"line":7,"column":33}},"5":{"start":{"line":9,"column":6},"end":{"line":9,"column":16}},"6":{"start":{"line":13,"column":2},"end":{"line":20,"column":3}},"7":{"start":{"line":14,"column":25},"end":{"line":14,"column":72}},"8":{"start":{"line":15,"column":23},"end":{"line":15,"column":46}},"9":{"start":{"line":16,"column":26},"end":{"line":16,"column":47}},"10":{"start":{"line":17,"column":6},"end":{"line":17,"column":33}},"11":{"start":{"line":19,"column":6},"end":{"line":19,"column":16}},"12":{"start":{"line":24,"column":2},"end":{"line":34,"column":3}},"13":{"start":{"line":25,"column":25},"end":{"line":25,"column":46}},"14":{"start":{"line":26,"column":23},"end":{"line":29,"column":8}},"15":{"start":{"line":30,"column":26},"end":{"line":30,"column":47}},"16":{"start":{"line":31,"column":6},"end":{"line":31,"column":25}},"17":{"start":{"line":33,"column":6},"end":{"line":33,"column":16}}},"fnMap":{"0":{"name":"getItems","decl":{"start":{"line":2,"column":22},"end":{"line":2,"column":30}},"loc":{"start":{"line":2,"column":44},"end":{"line":11,"column":1}},"line":2},"1":{"name":"getOrder","decl":{"start":{"line":12,"column":22},"end":{"line":12,"column":30}},"loc":{"start":{"line":12,"column":44},"end":{"line":21,"column":1}},"line":12},"2":{"name":"insertOrder","decl":{"start":{"line":23,"column":22},"end":{"line":23,"column":33}},"loc":{"start":{"line":23,"column":44},"end":{"line":35,"column":1}},"line":23}},"branchMap":{},"s":{"0":7,"1":7,"2":7,"3":1,"4":1,"5":0,"6":4,"7":4,"8":4,"9":1,"10":1,"11":0,"12":2,"13":2,"14":2,"15":2,"16":0,"17":2},"f":{"0":7,"1":4,"2":2},"b":{},"_coverageSchema":"1a1c01bbd47fc00a2c39e90264f33305004495a9","hash":"6107b07c5aa109ec84162ab030f46a6bae43a41a"}
}
